<?xml version="1.0" encoding="UTF-8"?>
<testsuite name="org.nightschool.model.CartTest" tests="2" skipped="0" failures="0" errors="0" timestamp="2014-12-06T09:01:35" hostname="88888888-HP" time="0.001">
  <properties/>
  <testcase name="should_cart_be_empty_when_no_disk_added" classname="org.nightschool.model.CartTest" time="0.0"/>
  <testcase name="should_be_able_to_add_disk_to_cart" classname="org.nightschool.model.CartTest" time="0.0"/>
  <system-out><![CDATA[]]></system-out>
  <system-err><![CDATA[]]></system-err>
</testsuite>
